<?xml version="1.0" encoding="UTF-8"?>
<!-- Generated by org.testng.reporters.JUnitXMLReporter -->
<testsuite hostname="HPDA0172" name="Command line test" tests="15" failures="1" timestamp="1 Sep 2015 09:48:02 GMT" time="83.049" errors="0">
  <testcase name="setup" time="10.352" classname="com.qait.Domestic.automation.tests.EOLDomesticReceiveInfo_nocourse_Test"/>
  <testcase name="launchHomePage" time="8.82" classname="com.qait.Domestic.automation.tests.EOLDomesticReceiveInfo_nocourse_Test"/>
  <testcase name="homePageactions" time="18.843" classname="com.qait.Domestic.automation.tests.EOLDomesticReceiveInfo_nocourse_Test"/>
  <testcase name="getNumberOfCourseAvailable" time="13.974" classname="com.qait.Domestic.automation.tests.EOLDomesticReceiveInfo_nocourse_Test"/>
  <testcase name="selectCourseFromAvailableCourses" time="30.043" classname="com.qait.Domestic.automation.tests.EOLDomesticReceiveInfo_nocourse_Test">
    <failure type="org.openqa.selenium.NoSuchElementException" message="Unable to locate element: {&amp;quot;method&amp;quot;:&amp;quot;xpath&amp;quot;,&amp;quot;selector&amp;quot;:&amp;quot;//select[@id=&amp;apos;ctl00_ctl00_MasterContentPlaceHolder_NestedMasterContentPlaceHolder_Form_ddlProgram&amp;apos;]&amp;quot;}
Command duration or timeout: 30.02 seconds
For documentation on this error, please visit: http://seleniumhq.org/exceptions/no_such_element.html
Build info: version: &amp;apos;2.47.1&amp;apos;, revision: &amp;apos;unknown&amp;apos;, time: &amp;apos;2015-07-30 11:02:44&amp;apos;
System info: host: &amp;apos;HPDA0172&amp;apos;, ip: &amp;apos;10.0.9.16&amp;apos;, os.name: &amp;apos;Windows 7&amp;apos;, os.arch: &amp;apos;x86&amp;apos;, os.version: &amp;apos;6.1&amp;apos;, java.version: &amp;apos;1.8.0_51&amp;apos;
Driver info: org.openqa.selenium.firefox.FirefoxDriver
Capabilities [{applicationCacheEnabled=true, rotatable=false, handlesAlerts=true, databaseEnabled=true, version=40.0.3, platform=WINDOWS, nativeEvents=false, acceptSslCerts=true, webStorageEnabled=true, locationContextEnabled=true, browserName=firefox, takesScreenshot=true, javascriptEnabled=true, cssSelectorsEnabled=true}]
Session ID: eee7cb82-b295-4a6b-af50-d23d53eaf485
*** Element info: {Using=xpath, value=//select[@id=&amp;apos;ctl00_ctl00_MasterContentPlaceHolder_NestedMasterContentPlaceHolder_Form_ddlProgram&amp;apos;]}">
      <![CDATA[org.openqa.selenium.NoSuchElementException: Unable to locate element: {"method":"xpath","selector":"//select[@id='ctl00_ctl00_MasterContentPlaceHolder_NestedMasterContentPlaceHolder_Form_ddlProgram']"}
Command duration or timeout: 30.02 seconds
For documentation on this error, please visit: http://seleniumhq.org/exceptions/no_such_element.html
Build info: version: '2.47.1', revision: 'unknown', time: '2015-07-30 11:02:44'
System info: host: 'HPDA0172', ip: '10.0.9.16', os.name: 'Windows 7', os.arch: 'x86', os.version: '6.1', java.version: '1.8.0_51'
Driver info: org.openqa.selenium.firefox.FirefoxDriver
Capabilities [{applicationCacheEnabled=true, rotatable=false, handlesAlerts=true, databaseEnabled=true, version=40.0.3, platform=WINDOWS, nativeEvents=false, acceptSslCerts=true, webStorageEnabled=true, locationContextEnabled=true, browserName=firefox, takesScreenshot=true, javascriptEnabled=true, cssSelectorsEnabled=true}]
Session ID: eee7cb82-b295-4a6b-af50-d23d53eaf485
*** Element info: {Using=xpath, value=//select[@id='ctl00_ctl00_MasterContentPlaceHolder_NestedMasterContentPlaceHolder_Form_ddlProgram']}
	at org.openqa.selenium.remote.ErrorHandler.createThrowable(ErrorHandler.java:206)
	at org.openqa.selenium.remote.ErrorHandler.throwIfResponseFailed(ErrorHandler.java:158)
	at org.openqa.selenium.remote.RemoteWebDriver.execute(RemoteWebDriver.java:595)
	at org.openqa.selenium.remote.RemoteWebDriver.findElement(RemoteWebDriver.java:348)
	at org.openqa.selenium.remote.RemoteWebDriver.findElementByXPath(RemoteWebDriver.java:445)
	at org.openqa.selenium.By$ByXPath.findElement(By.java:358)
	at org.openqa.selenium.remote.RemoteWebDriver.findElement(RemoteWebDriver.java:340)
	at com.qait.Domestic.automation.pageobjects.EOLDomesticReceiveInfo_nocourse_UI.selectCourseFromPannFosterPage(EOLDomesticReceiveInfo_nocourse_UI.java:493)
	at com.qait.Domestic.automation.fixture.EOLDomesticReceiveInfo_nocourse_Fixture.selectCourse(EOLDomesticReceiveInfo_nocourse_Fixture.java:19)
	at com.qait.Domestic.automation.tests.EOLDomesticReceiveInfo_nocourse_Test.selectCourseFromAvailableCourses(EOLDomesticReceiveInfo_nocourse_Test.java:102)
	at org.apache.maven.surefire.testng.TestNGExecutor.run(TestNGExecutor.java:70)
	at org.apache.maven.surefire.testng.TestNGDirectoryTestSuite.execute(TestNGDirectoryTestSuite.java:109)
	at org.apache.maven.surefire.testng.TestNGProvider.invoke(TestNGProvider.java:111)
	at org.apache.maven.surefire.util.ReflectionUtils.invokeMethodWithArray(ReflectionUtils.java:164)
	at org.apache.maven.surefire.booter.ProviderFactory$ProviderProxy.invoke(ProviderFactory.java:110)
	at org.apache.maven.surefire.booter.SurefireStarter.invokeProvider(SurefireStarter.java:175)
	at org.apache.maven.surefire.booter.SurefireStarter.runSuitesInProcessWhenForked(SurefireStarter.java:107)
	at org.apache.maven.surefire.booter.ForkedBooter.main(ForkedBooter.java:68)
Caused by: org.openqa.selenium.NoSuchElementException: Unable to locate element: {"method":"xpath","selector":"//select[@id='ctl00_ctl00_MasterContentPlaceHolder_NestedMasterContentPlaceHolder_Form_ddlProgram']"}
For documentation on this error, please visit: http://seleniumhq.org/exceptions/no_such_element.html
Build info: version: '2.47.1', revision: 'unknown', time: '2015-07-30 11:02:44'
System info: host: 'HPDA0172', ip: '10.0.9.16', os.name: 'Windows 7', os.arch: 'x86', os.version: '6.1', java.version: '1.8.0_51'
Driver info: driver.version: unknown
	at <anonymous class>.FirefoxDriver.prototype.findElementInternal_(file:///C:/Users/TANUJK~1/AppData/Local/Temp/anonymous2466152230690949426webdriver-profile/extensions/fxdriver@googlecode.com/components/driver-component.js:10667)
	at <anonymous class>.fxdriver.Timer.prototype.setTimeout/<.notify(file:///C:/Users/TANUJK~1/AppData/Local/Temp/anonymous2466152230690949426webdriver-profile/extensions/fxdriver@googlecode.com/components/driver-component.js:623)
... Removed 29 stack frames]]>
    </failure>
  </testcase> <!-- selectCourseFromAvailableCourses -->
  <testcase name="verifyElementsDisplayOnStep1EnrollmentProcess" time="0.0" classname="com.qait.Domestic.automation.tests.EOLDomesticReceiveInfo_nocourse_Test">
    <skipped/>
  </testcase> <!-- verifyElementsDisplayOnStep1EnrollmentProcess -->
  <testcase name="enterStudentInformationOnStep1Page" time="0.0" classname="com.qait.Domestic.automation.tests.EOLDomesticReceiveInfo_nocourse_Test">
    <skipped/>
  </testcase> <!-- enterStudentInformationOnStep1Page -->
  <testcase name="redirectToThankYouPageAndClickEnrollOnLine" time="0.0" classname="com.qait.Domestic.automation.tests.EOLDomesticReceiveInfo_nocourse_Test">
    <skipped/>
  </testcase> <!-- redirectToThankYouPageAndClickEnrollOnLine -->
  <testcase name="verifyElementDisplayOnPersonalInformationPage" time="0.0" classname="com.qait.Domestic.automation.tests.EOLDomesticReceiveInfo_nocourse_Test">
    <skipped/>
  </testcase> <!-- verifyElementDisplayOnPersonalInformationPage -->
  <testcase name="enterRemaningInformationOnPersonalInformatoinPage" time="0.0" classname="com.qait.Domestic.automation.tests.EOLDomesticReceiveInfo_nocourse_Test">
    <skipped/>
  </testcase> <!-- enterRemaningInformationOnPersonalInformatoinPage -->
  <testcase name="verifyredirectToPaymentInformationPage" time="0.001" classname="com.qait.Domestic.automation.tests.EOLDomesticReceiveInfo_nocourse_Test">
    <skipped/>
  </testcase> <!-- verifyredirectToPaymentInformationPage -->
  <testcase name="verifyElementsDisplayOnPaymentInformation" time="0.0" classname="com.qait.Domestic.automation.tests.EOLDomesticReceiveInfo_nocourse_Test">
    <skipped/>
  </testcase> <!-- verifyElementsDisplayOnPaymentInformation -->
  <testcase name="verifyElementsDisplayOnReviewAndSubmitPage" time="0.0" classname="com.qait.Domestic.automation.tests.EOLDomesticReceiveInfo_nocourse_Test">
    <skipped/>
  </testcase> <!-- verifyElementsDisplayOnReviewAndSubmitPage -->
  <testcase name="verifyEditButtonOnReviewAndSubmit" time="0.0" classname="com.qait.Domestic.automation.tests.EOLDomesticReceiveInfo_nocourse_Test">
    <skipped/>
  </testcase> <!-- verifyEditButtonOnReviewAndSubmit -->
  <testcase name="verifyandClickOnTermAndComtitionsDisplayOnReviewandSubmitPage" time="0.0" classname="com.qait.Domestic.automation.tests.EOLDomesticReceiveInfo_nocourse_Test">
    <skipped/>
  </testcase> <!-- verifyandClickOnTermAndComtitionsDisplayOnReviewandSubmitPage -->
</testsuite> <!-- Command line test -->
