-------------------------------------------------------------------------------
Test set: com.qait.Domestic.automation.tests.EOLDomesticReceiveInfo_nocourse_Test
-------------------------------------------------------------------------------
Tests run: 15, Failures: 1, Errors: 0, Skipped: 10, Time elapsed: 83.744 sec <<< FAILURE!
selectCourseFromAvailableCourses(com.qait.Domestic.automation.tests.EOLDomesticReceiveInfo_nocourse_Test)  Time elapsed: 30.058 sec  <<< FAILURE!
org.openqa.selenium.NoSuchElementException: Unable to locate element: {"method":"xpath","selector":"//select[@id='ctl00_ctl00_MasterContentPlaceHolder_NestedMasterContentPlaceHolder_Form_ddlProgram']"}
Command duration or timeout: 30.02 seconds
For documentation on this error, please visit: http://seleniumhq.org/exceptions/no_such_element.html
Build info: version: '2.47.1', revision: 'unknown', time: '2015-07-30 11:02:44'
System info: host: 'HPDA0172', ip: '10.0.9.16', os.name: 'Windows 7', os.arch: 'x86', os.version: '6.1', java.version: '1.8.0_51'
Driver info: org.openqa.selenium.firefox.FirefoxDriver
Capabilities [{applicationCacheEnabled=true, rotatable=false, handlesAlerts=true, databaseEnabled=true, version=40.0.3, platform=WINDOWS, nativeEvents=false, acceptSslCerts=true, webStorageEnabled=true, locationContextEnabled=true, browserName=firefox, takesScreenshot=true, javascriptEnabled=true, cssSelectorsEnabled=true}]
Session ID: eee7cb82-b295-4a6b-af50-d23d53eaf485
*** Element info: {Using=xpath, value=//select[@id='ctl00_ctl00_MasterContentPlaceHolder_NestedMasterContentPlaceHolder_Form_ddlProgram']}
	at sun.reflect.NativeConstructorAccessorImpl.newInstance0(Native Method)
	at sun.reflect.NativeConstructorAccessorImpl.newInstance(NativeConstructorAccessorImpl.java:62)
	at sun.reflect.DelegatingConstructorAccessorImpl.newInstance(DelegatingConstructorAccessorImpl.java:45)
	at java.lang.reflect.Constructor.newInstance(Constructor.java:422)
	at org.openqa.selenium.remote.ErrorHandler.createThrowable(ErrorHandler.java:206)
	at org.openqa.selenium.remote.ErrorHandler.throwIfResponseFailed(ErrorHandler.java:158)
	at org.openqa.selenium.remote.RemoteWebDriver.execute(RemoteWebDriver.java:595)
	at org.openqa.selenium.remote.RemoteWebDriver.findElement(RemoteWebDriver.java:348)
	at org.openqa.selenium.remote.RemoteWebDriver.findElementByXPath(RemoteWebDriver.java:445)
	at org.openqa.selenium.By$ByXPath.findElement(By.java:358)
	at org.openqa.selenium.remote.RemoteWebDriver.findElement(RemoteWebDriver.java:340)
	at com.qait.Domestic.automation.pageobjects.EOLDomesticReceiveInfo_nocourse_UI.selectCourseFromPannFosterPage(EOLDomesticReceiveInfo_nocourse_UI.java:493)
	at com.qait.Domestic.automation.fixture.EOLDomesticReceiveInfo_nocourse_Fixture.selectCourse(EOLDomesticReceiveInfo_nocourse_Fixture.java:19)
	at com.qait.Domestic.automation.tests.EOLDomesticReceiveInfo_nocourse_Test.selectCourseFromAvailableCourses(EOLDomesticReceiveInfo_nocourse_Test.java:102)
Caused by: org.openqa.selenium.NoSuchElementException: Unable to locate element: {"method":"xpath","selector":"//select[@id='ctl00_ctl00_MasterContentPlaceHolder_NestedMasterContentPlaceHolder_Form_ddlProgram']"}
For documentation on this error, please visit: http://seleniumhq.org/exceptions/no_such_element.html
Build info: version: '2.47.1', revision: 'unknown', time: '2015-07-30 11:02:44'
System info: host: 'HPDA0172', ip: '10.0.9.16', os.name: 'Windows 7', os.arch: 'x86', os.version: '6.1', java.version: '1.8.0_51'
Driver info: driver.version: unknown
	at <anonymous class>.FirefoxDriver.prototype.findElementInternal_(file:///C:/Users/TANUJK~1/AppData/Local/Temp/anonymous2466152230690949426webdriver-profile/extensions/fxdriver@googlecode.com/components/driver-component.js:10667)
	at <anonymous class>.fxdriver.Timer.prototype.setTimeout/<.notify(file:///C:/Users/TANUJK~1/AppData/Local/Temp/anonymous2466152230690949426webdriver-profile/extensions/fxdriver@googlecode.com/components/driver-component.js:623)
