<?xml version="1.0" encoding="UTF-8"?>
<testng-results skipped="10" failed="1" total="15" passed="4">
  <reporter-output>
    <line>
      <![CDATA[Tue, 1 Sep 2015 15:16:39 IST  ########## Start browser session STARTS ###########
<br>]]>
    </line>
    <line>
      <![CDATA[Tue, 1 Sep 2015 15:16:50 IST  ########## Start browser session ENDS ###########
<br>]]>
    </line>
    <line>
      <![CDATA[Tue, 1 Sep 2015 15:16:50 IST  ########## Start Launch Home Page STARTS ###########
<br>]]>
    </line>
    <line>
      <![CDATA[Tue, 1 Sep 2015 15:16:59 IST  ########## Start Launch Home Page ENDS ###########
<br>]]>
    </line>
    <line>
      <![CDATA[Tue, 1 Sep 2015 15:16:59 IST  ########## Start Launch Home Page STARTS ###########
<br>]]>
    </line>
    <line>
      <![CDATA[Tue, 1 Sep 2015 15:17:17 IST  ########## Start Launch Home Page ENDS ###########
<br>]]>
    </line>
    <line>
      <![CDATA[Tue, 1 Sep 2015 15:17:17 IST  ########## Start Get Number Of Course Available STARTS ###########
<br>]]>
    </line>
    <line>
      <![CDATA[Tue, 1 Sep 2015 15:17:28 IST Total number of Course under Receive Information (No course) is --] 136 - Pass
<br>]]>
    </line>
    <line>
      <![CDATA[Tue, 1 Sep 2015 15:17:31 IST  ########## Start Get Number Of Course Available ENDS ###########
<br>]]>
    </line>
    <line>
      <![CDATA[Tue, 1 Sep 2015 15:17:31 IST  ########## Start Select Course From Available Courses STARTS ###########
<br>]]>
    </line>
    <line>
      <![CDATA[Tue, 1 Sep 2015 15:17:31 IST  Select a course from dropdown - Pass
<br>]]>
    </line>
    <line>
      <![CDATA[Tue, 1 Sep 2015 15:18:01 IST  ########## Stop Browser Session ###########
<br>]]>
    </line>
  </reporter-output>
  <suite name="com.qait.Domestic.automation.tests.EOLDomesticReceiveInfo_nocourse_Test" duration-ms="83049" started-at="2015-09-01T09:46:39Z" finished-at="2015-09-01T09:48:02Z">
    <groups>
    </groups>
    <test name="Command line test" duration-ms="83049" started-at="2015-09-01T09:46:39Z" finished-at="2015-09-01T09:48:02Z">
      <class name="com.qait.Domestic.automation.tests.EOLDomesticReceiveInfo_nocourse_Test">
        <test-method status="PASS" signature="initialsettings()[pri:0, instance:com.qait.Domestic.automation.tests.EOLDomesticReceiveInfo_nocourse_Test@ba2a48]" name="initialsettings" is-config="true" duration-ms="167" started-at="2015-09-01T15:16:39Z" finished-at="2015-09-01T15:16:39Z">
          <reporter-output>
          </reporter-output>
        </test-method> <!-- initialsettings -->
        <test-method status="PASS" signature="setup()[pri:0, instance:com.qait.Domestic.automation.tests.EOLDomesticReceiveInfo_nocourse_Test@ba2a48]" name="setup" duration-ms="10352" started-at="2015-09-01T15:16:39Z" finished-at="2015-09-01T15:16:50Z">
          <reporter-output>
            <line>
              <![CDATA[Tue, 1 Sep 2015 15:16:39 IST  ########## Start browser session STARTS ###########
<br>]]>
            </line>
            <line>
              <![CDATA[Tue, 1 Sep 2015 15:16:50 IST  ########## Start browser session ENDS ###########
<br>]]>
            </line>
          </reporter-output>
        </test-method> <!-- setup -->
        <test-method status="PASS" signature="launchHomePage()[pri:0, instance:com.qait.Domestic.automation.tests.EOLDomesticReceiveInfo_nocourse_Test@ba2a48]" name="launchHomePage" duration-ms="8820" started-at="2015-09-01T15:16:50Z" depends-on-methods="com.qait.Domestic.automation.tests.EOLDomesticReceiveInfo_nocourse_Test.setup" finished-at="2015-09-01T15:16:59Z">
          <reporter-output>
            <line>
              <![CDATA[Tue, 1 Sep 2015 15:16:50 IST  ########## Start Launch Home Page STARTS ###########
<br>]]>
            </line>
            <line>
              <![CDATA[Tue, 1 Sep 2015 15:16:59 IST  ########## Start Launch Home Page ENDS ###########
<br>]]>
            </line>
          </reporter-output>
        </test-method> <!-- launchHomePage -->
        <test-method status="PASS" signature="homePageactions()[pri:0, instance:com.qait.Domestic.automation.tests.EOLDomesticReceiveInfo_nocourse_Test@ba2a48]" name="homePageactions" duration-ms="18843" started-at="2015-09-01T15:16:59Z" depends-on-methods="com.qait.Domestic.automation.tests.EOLDomesticReceiveInfo_nocourse_Test.launchHomePage" finished-at="2015-09-01T15:17:17Z">
          <reporter-output>
            <line>
              <![CDATA[Tue, 1 Sep 2015 15:16:59 IST  ########## Start Launch Home Page STARTS ###########
<br>]]>
            </line>
            <line>
              <![CDATA[Tue, 1 Sep 2015 15:17:17 IST  ########## Start Launch Home Page ENDS ###########
<br>]]>
            </line>
          </reporter-output>
        </test-method> <!-- homePageactions -->
        <test-method status="PASS" signature="getNumberOfCourseAvailable()[pri:0, instance:com.qait.Domestic.automation.tests.EOLDomesticReceiveInfo_nocourse_Test@ba2a48]" name="getNumberOfCourseAvailable" duration-ms="13974" started-at="2015-09-01T15:17:17Z" depends-on-methods="com.qait.Domestic.automation.tests.EOLDomesticReceiveInfo_nocourse_Test.homePageactions" finished-at="2015-09-01T15:17:31Z">
          <reporter-output>
            <line>
              <![CDATA[Tue, 1 Sep 2015 15:17:17 IST  ########## Start Get Number Of Course Available STARTS ###########
<br>]]>
            </line>
            <line>
              <![CDATA[Tue, 1 Sep 2015 15:17:28 IST Total number of Course under Receive Information (No course) is --] 136 - Pass
<br>]]>
            </line>
            <line>
              <![CDATA[Tue, 1 Sep 2015 15:17:31 IST  ########## Start Get Number Of Course Available ENDS ###########
<br>]]>
            </line>
          </reporter-output>
        </test-method> <!-- getNumberOfCourseAvailable -->
        <test-method status="FAIL" signature="selectCourseFromAvailableCourses()[pri:0, instance:com.qait.Domestic.automation.tests.EOLDomesticReceiveInfo_nocourse_Test@ba2a48]" name="selectCourseFromAvailableCourses" duration-ms="30043" started-at="2015-09-01T15:17:31Z" depends-on-methods="com.qait.Domestic.automation.tests.EOLDomesticReceiveInfo_nocourse_Test.getNumberOfCourseAvailable" finished-at="2015-09-01T15:18:01Z">
          <exception class="org.openqa.selenium.NoSuchElementException">
            <message>
              <![CDATA[Unable to locate element: {"method":"xpath","selector":"//select[@id='ctl00_ctl00_MasterContentPlaceHolder_NestedMasterContentPlaceHolder_Form_ddlProgram']"}
Command duration or timeout: 30.02 seconds
For documentation on this error, please visit: http://seleniumhq.org/exceptions/no_such_element.html
Build info: version: '2.47.1', revision: 'unknown', time: '2015-07-30 11:02:44'
System info: host: 'HPDA0172', ip: '10.0.9.16', os.name: 'Windows 7', os.arch: 'x86', os.version: '6.1', java.version: '1.8.0_51'
Driver info: org.openqa.selenium.firefox.FirefoxDriver
Capabilities [{applicationCacheEnabled=true, rotatable=false, handlesAlerts=true, databaseEnabled=true, version=40.0.3, platform=WINDOWS, nativeEvents=false, acceptSslCerts=true, webStorageEnabled=true, locationContextEnabled=true, browserName=firefox, takesScreenshot=true, javascriptEnabled=true, cssSelectorsEnabled=true}]
Session ID: eee7cb82-b295-4a6b-af50-d23d53eaf485
*** Element info: {Using=xpath, value=//select[@id='ctl00_ctl00_MasterContentPlaceHolder_NestedMasterContentPlaceHolder_Form_ddlProgram']}]]>
            </message>
            <full-stacktrace>
              <![CDATA[org.openqa.selenium.NoSuchElementException: Unable to locate element: {"method":"xpath","selector":"//select[@id='ctl00_ctl00_MasterContentPlaceHolder_NestedMasterContentPlaceHolder_Form_ddlProgram']"}
Command duration or timeout: 30.02 seconds
For documentation on this error, please visit: http://seleniumhq.org/exceptions/no_such_element.html
Build info: version: '2.47.1', revision: 'unknown', time: '2015-07-30 11:02:44'
System info: host: 'HPDA0172', ip: '10.0.9.16', os.name: 'Windows 7', os.arch: 'x86', os.version: '6.1', java.version: '1.8.0_51'
Driver info: org.openqa.selenium.firefox.FirefoxDriver
Capabilities [{applicationCacheEnabled=true, rotatable=false, handlesAlerts=true, databaseEnabled=true, version=40.0.3, platform=WINDOWS, nativeEvents=false, acceptSslCerts=true, webStorageEnabled=true, locationContextEnabled=true, browserName=firefox, takesScreenshot=true, javascriptEnabled=true, cssSelectorsEnabled=true}]
Session ID: eee7cb82-b295-4a6b-af50-d23d53eaf485
*** Element info: {Using=xpath, value=//select[@id='ctl00_ctl00_MasterContentPlaceHolder_NestedMasterContentPlaceHolder_Form_ddlProgram']}
	at sun.reflect.NativeConstructorAccessorImpl.newInstance0(Native Method)
	at sun.reflect.NativeConstructorAccessorImpl.newInstance(NativeConstructorAccessorImpl.java:62)
	at sun.reflect.DelegatingConstructorAccessorImpl.newInstance(DelegatingConstructorAccessorImpl.java:45)
	at java.lang.reflect.Constructor.newInstance(Constructor.java:422)
	at org.openqa.selenium.remote.ErrorHandler.createThrowable(ErrorHandler.java:206)
	at org.openqa.selenium.remote.ErrorHandler.throwIfResponseFailed(ErrorHandler.java:158)
	at org.openqa.selenium.remote.RemoteWebDriver.execute(RemoteWebDriver.java:595)
	at org.openqa.selenium.remote.RemoteWebDriver.findElement(RemoteWebDriver.java:348)
	at org.openqa.selenium.remote.RemoteWebDriver.findElementByXPath(RemoteWebDriver.java:445)
	at org.openqa.selenium.By$ByXPath.findElement(By.java:358)
	at org.openqa.selenium.remote.RemoteWebDriver.findElement(RemoteWebDriver.java:340)
	at com.qait.Domestic.automation.pageobjects.EOLDomesticReceiveInfo_nocourse_UI.selectCourseFromPannFosterPage(EOLDomesticReceiveInfo_nocourse_UI.java:493)
	at com.qait.Domestic.automation.fixture.EOLDomesticReceiveInfo_nocourse_Fixture.selectCourse(EOLDomesticReceiveInfo_nocourse_Fixture.java:19)
	at com.qait.Domestic.automation.tests.EOLDomesticReceiveInfo_nocourse_Test.selectCourseFromAvailableCourses(EOLDomesticReceiveInfo_nocourse_Test.java:102)
	at sun.reflect.NativeMethodAccessorImpl.invoke0(Native Method)
	at sun.reflect.NativeMethodAccessorImpl.invoke(NativeMethodAccessorImpl.java:62)
	at sun.reflect.DelegatingMethodAccessorImpl.invoke(DelegatingMethodAccessorImpl.java:43)
	at java.lang.reflect.Method.invoke(Method.java:497)
	at org.testng.internal.MethodInvocationHelper.invokeMethod(MethodInvocationHelper.java:80)
	at org.testng.internal.Invoker.invokeMethod(Invoker.java:715)
	at org.testng.internal.Invoker.invokeTestMethod(Invoker.java:907)
	at org.testng.internal.Invoker.invokeTestMethods(Invoker.java:1237)
	at org.testng.internal.TestMethodWorker.invokeTestMethods(TestMethodWorker.java:127)
	at org.testng.internal.TestMethodWorker.run(TestMethodWorker.java:111)
	at org.testng.TestRunner.privateRun(TestRunner.java:767)
	at org.testng.TestRunner.run(TestRunner.java:617)
	at org.testng.SuiteRunner.runTest(SuiteRunner.java:334)
	at org.testng.SuiteRunner.runSequentially(SuiteRunner.java:329)
	at org.testng.SuiteRunner.privateRun(SuiteRunner.java:291)
	at org.testng.SuiteRunner.run(SuiteRunner.java:240)
	at org.testng.SuiteRunnerWorker.runSuite(SuiteRunnerWorker.java:51)
	at org.testng.SuiteRunnerWorker.run(SuiteRunnerWorker.java:85)
	at org.testng.TestNG.runSuitesSequentially(TestNG.java:1197)
	at org.testng.TestNG.runSuitesLocally(TestNG.java:1122)
	at org.testng.TestNG.run(TestNG.java:1030)
	at org.apache.maven.surefire.testng.TestNGExecutor.run(TestNGExecutor.java:70)
	at org.apache.maven.surefire.testng.TestNGDirectoryTestSuite.execute(TestNGDirectoryTestSuite.java:109)
	at org.apache.maven.surefire.testng.TestNGProvider.invoke(TestNGProvider.java:111)
	at sun.reflect.NativeMethodAccessorImpl.invoke0(Native Method)
	at sun.reflect.NativeMethodAccessorImpl.invoke(NativeMethodAccessorImpl.java:62)
	at sun.reflect.DelegatingMethodAccessorImpl.invoke(DelegatingMethodAccessorImpl.java:43)
	at java.lang.reflect.Method.invoke(Method.java:497)
	at org.apache.maven.surefire.util.ReflectionUtils.invokeMethodWithArray(ReflectionUtils.java:164)
	at org.apache.maven.surefire.booter.ProviderFactory$ProviderProxy.invoke(ProviderFactory.java:110)
	at org.apache.maven.surefire.booter.SurefireStarter.invokeProvider(SurefireStarter.java:175)
	at org.apache.maven.surefire.booter.SurefireStarter.runSuitesInProcessWhenForked(SurefireStarter.java:107)
	at org.apache.maven.surefire.booter.ForkedBooter.main(ForkedBooter.java:68)
Caused by: org.openqa.selenium.NoSuchElementException: Unable to locate element: {"method":"xpath","selector":"//select[@id='ctl00_ctl00_MasterContentPlaceHolder_NestedMasterContentPlaceHolder_Form_ddlProgram']"}
For documentation on this error, please visit: http://seleniumhq.org/exceptions/no_such_element.html
Build info: version: '2.47.1', revision: 'unknown', time: '2015-07-30 11:02:44'
System info: host: 'HPDA0172', ip: '10.0.9.16', os.name: 'Windows 7', os.arch: 'x86', os.version: '6.1', java.version: '1.8.0_51'
Driver info: driver.version: unknown
	at <anonymous class>.FirefoxDriver.prototype.findElementInternal_(file:///C:/Users/TANUJK~1/AppData/Local/Temp/anonymous2466152230690949426webdriver-profile/extensions/fxdriver@googlecode.com/components/driver-component.js:10667)
	at <anonymous class>.fxdriver.Timer.prototype.setTimeout/<.notify(file:///C:/Users/TANUJK~1/AppData/Local/Temp/anonymous2466152230690949426webdriver-profile/extensions/fxdriver@googlecode.com/components/driver-component.js:623)
]]>
            </full-stacktrace>
          </exception> <!-- org.openqa.selenium.NoSuchElementException -->
          <reporter-output>
            <line>
              <![CDATA[Tue, 1 Sep 2015 15:17:31 IST  ########## Start Select Course From Available Courses STARTS ###########
<br>]]>
            </line>
            <line>
              <![CDATA[Tue, 1 Sep 2015 15:17:31 IST  Select a course from dropdown - Pass
<br>]]>
            </line>
          </reporter-output>
        </test-method> <!-- selectCourseFromAvailableCourses -->
        <test-method status="SKIP" signature="verifyElementsDisplayOnStep1EnrollmentProcess()[pri:0, instance:com.qait.Domestic.automation.tests.EOLDomesticReceiveInfo_nocourse_Test@ba2a48]" name="verifyElementsDisplayOnStep1EnrollmentProcess" duration-ms="0" started-at="2015-09-01T15:18:01Z" depends-on-methods="com.qait.Domestic.automation.tests.EOLDomesticReceiveInfo_nocourse_Test.selectCourseFromAvailableCourses" finished-at="2015-09-01T15:18:01Z">
          <reporter-output>
          </reporter-output>
        </test-method> <!-- verifyElementsDisplayOnStep1EnrollmentProcess -->
        <test-method status="SKIP" signature="enterStudentInformationOnStep1Page()[pri:0, instance:com.qait.Domestic.automation.tests.EOLDomesticReceiveInfo_nocourse_Test@ba2a48]" name="enterStudentInformationOnStep1Page" duration-ms="0" started-at="2015-09-01T15:18:01Z" depends-on-methods="com.qait.Domestic.automation.tests.EOLDomesticReceiveInfo_nocourse_Test.verifyElementsDisplayOnStep1EnrollmentProcess" finished-at="2015-09-01T15:18:01Z">
          <reporter-output>
          </reporter-output>
        </test-method> <!-- enterStudentInformationOnStep1Page -->
        <test-method status="SKIP" signature="verifyElementDisplayOnPersonalInformationPage()[pri:0, instance:com.qait.Domestic.automation.tests.EOLDomesticReceiveInfo_nocourse_Test@ba2a48]" name="verifyElementDisplayOnPersonalInformationPage" duration-ms="0" started-at="2015-09-01T15:18:01Z" depends-on-methods="com.qait.Domestic.automation.tests.EOLDomesticReceiveInfo_nocourse_Test.redirectToThankYouPageAndClickEnrollOnLine" finished-at="2015-09-01T15:18:01Z">
          <reporter-output>
          </reporter-output>
        </test-method> <!-- verifyElementDisplayOnPersonalInformationPage -->
        <test-method status="SKIP" signature="verifyredirectToPaymentInformationPage()[pri:0, instance:com.qait.Domestic.automation.tests.EOLDomesticReceiveInfo_nocourse_Test@ba2a48]" name="verifyredirectToPaymentInformationPage" duration-ms="1" started-at="2015-09-01T15:18:01Z" depends-on-methods="com.qait.Domestic.automation.tests.EOLDomesticReceiveInfo_nocourse_Test.enterRemaningInformationOnPersonalInformatoinPage" finished-at="2015-09-01T15:18:01Z">
          <reporter-output>
          </reporter-output>
        </test-method> <!-- verifyredirectToPaymentInformationPage -->
        <test-method status="SKIP" signature="redirectToThankYouPageAndClickEnrollOnLine()[pri:0, instance:com.qait.Domestic.automation.tests.EOLDomesticReceiveInfo_nocourse_Test@ba2a48]" name="redirectToThankYouPageAndClickEnrollOnLine" duration-ms="0" started-at="2015-09-01T15:18:01Z" depends-on-methods="com.qait.Domestic.automation.tests.EOLDomesticReceiveInfo_nocourse_Test.enterStudentInformationOnStep1Page" finished-at="2015-09-01T15:18:01Z">
          <reporter-output>
          </reporter-output>
        </test-method> <!-- redirectToThankYouPageAndClickEnrollOnLine -->
        <test-method status="SKIP" signature="enterRemaningInformationOnPersonalInformatoinPage()[pri:0, instance:com.qait.Domestic.automation.tests.EOLDomesticReceiveInfo_nocourse_Test@ba2a48]" name="enterRemaningInformationOnPersonalInformatoinPage" duration-ms="0" started-at="2015-09-01T15:18:01Z" depends-on-methods="com.qait.Domestic.automation.tests.EOLDomesticReceiveInfo_nocourse_Test.verifyElementDisplayOnPersonalInformationPage" finished-at="2015-09-01T15:18:01Z">
          <reporter-output>
          </reporter-output>
        </test-method> <!-- enterRemaningInformationOnPersonalInformatoinPage -->
        <test-method status="SKIP" signature="verifyElementsDisplayOnPaymentInformation()[pri:0, instance:com.qait.Domestic.automation.tests.EOLDomesticReceiveInfo_nocourse_Test@ba2a48]" name="verifyElementsDisplayOnPaymentInformation" duration-ms="0" started-at="2015-09-01T15:18:01Z" depends-on-methods="com.qait.Domestic.automation.tests.EOLDomesticReceiveInfo_nocourse_Test.verifyredirectToPaymentInformationPage" finished-at="2015-09-01T15:18:01Z">
          <reporter-output>
          </reporter-output>
        </test-method> <!-- verifyElementsDisplayOnPaymentInformation -->
        <test-method status="SKIP" signature="verifyElementsDisplayOnReviewAndSubmitPage()[pri:0, instance:com.qait.Domestic.automation.tests.EOLDomesticReceiveInfo_nocourse_Test@ba2a48]" name="verifyElementsDisplayOnReviewAndSubmitPage" duration-ms="0" started-at="2015-09-01T15:18:01Z" depends-on-methods="com.qait.Domestic.automation.tests.EOLDomesticReceiveInfo_nocourse_Test.verifyElementsDisplayOnPaymentInformation" finished-at="2015-09-01T15:18:01Z">
          <reporter-output>
          </reporter-output>
        </test-method> <!-- verifyElementsDisplayOnReviewAndSubmitPage -->
        <test-method status="SKIP" signature="verifyandClickOnTermAndComtitionsDisplayOnReviewandSubmitPage()[pri:0, instance:com.qait.Domestic.automation.tests.EOLDomesticReceiveInfo_nocourse_Test@ba2a48]" name="verifyandClickOnTermAndComtitionsDisplayOnReviewandSubmitPage" duration-ms="0" started-at="2015-09-01T15:18:01Z" depends-on-methods="com.qait.Domestic.automation.tests.EOLDomesticReceiveInfo_nocourse_Test.verifyEditButtonOnReviewAndSubmit" finished-at="2015-09-01T15:18:01Z">
          <reporter-output>
          </reporter-output>
        </test-method> <!-- verifyandClickOnTermAndComtitionsDisplayOnReviewandSubmitPage -->
        <test-method status="SKIP" signature="verifyEditButtonOnReviewAndSubmit()[pri:0, instance:com.qait.Domestic.automation.tests.EOLDomesticReceiveInfo_nocourse_Test@ba2a48]" name="verifyEditButtonOnReviewAndSubmit" duration-ms="0" started-at="2015-09-01T15:18:01Z" depends-on-methods="com.qait.Domestic.automation.tests.EOLDomesticReceiveInfo_nocourse_Test.verifyElementsDisplayOnReviewAndSubmitPage" finished-at="2015-09-01T15:18:01Z">
          <reporter-output>
          </reporter-output>
        </test-method> <!-- verifyEditButtonOnReviewAndSubmit -->
        <test-method status="PASS" signature="tearDown()[pri:0, instance:com.qait.Domestic.automation.tests.EOLDomesticReceiveInfo_nocourse_Test@ba2a48]" name="tearDown" is-config="true" duration-ms="821" started-at="2015-09-01T15:18:01Z" finished-at="2015-09-01T15:18:02Z">
          <reporter-output>
            <line>
              <![CDATA[Tue, 1 Sep 2015 15:18:01 IST  ########## Stop Browser Session ###########
<br>]]>
            </line>
          </reporter-output>
        </test-method> <!-- tearDown -->
      </class> <!-- com.qait.Domestic.automation.tests.EOLDomesticReceiveInfo_nocourse_Test -->
    </test> <!-- Command line test -->
  </suite> <!-- com.qait.Domestic.automation.tests.EOLDomesticReceiveInfo_nocourse_Test -->
</testng-results>
